2024-05-08T10:25:37+09 [Information] - [BackupBasicLoadBalancer] Initiating Backup of Basic Load Balancer Configurations to path ''
2024-05-08T10:25:38+09 [Information] - 해당 Service Tag로 방화벽에 등록된 IP 개수는 [0]개 입니다.
2024-05-08T10:25:38+09 [Information] - 해당 Service Tag로 Azure에서 지정된 IP 개수는 [12]개 입니다.
2024-05-08T10:25:38+09 [Information] - 방화벽에 등록된 IP가 Azure에서 지정된 IP 개수보다 [12]개 적으므로, 해당 개수만큼 Address를 생성합니다.
2024-05-08T10:25:38+09 [Information] - 생성될 Address Name은 [AzureContainerRegistry.EastUS001]입니다.
2024-05-08T10:25:38+09 [Information] - 생성될 Address Name은 [AzureContainerRegistry.EastUS002]입니다.
2024-05-08T10:25:38+09 [Information] - 생성될 Address Name은 [AzureContainerRegistry.EastUS003]입니다.
2024-05-08T10:25:38+09 [Information] - 생성될 Address Name은 [AzureContainerRegistry.EastUS004]입니다.
2024-05-08T10:25:38+09 [Information] - 생성될 Address Name은 [AzureContainerRegistry.EastUS005]입니다.
2024-05-08T10:25:38+09 [Information] - 생성될 Address Name은 [AzureContainerRegistry.EastUS006]입니다.
2024-05-08T10:25:38+09 [Information] - 생성될 Address Name은 [AzureContainerRegistry.EastUS007]입니다.
2024-05-08T10:25:38+09 [Information] - 생성될 Address Name은 [AzureContainerRegistry.EastUS008]입니다.
2024-05-08T10:25:38+09 [Information] - 생성될 Address Name은 [AzureContainerRegistry.EastUS009]입니다.
2024-05-08T10:25:38+09 [Information] - 생성될 Address Name은 [AzureContainerRegistry.EastUS010]입니다.
2024-05-08T10:25:38+09 [Information] - 생성될 Address Name은 [AzureContainerRegistry.EastUS011]입니다.
2024-05-08T10:25:38+09 [Information] - 생성될 Address Name은 [AzureContainerRegistry.EastUS012]입니다.
2024-05-08T10:25:38+09 [Information] - Address Name [AzureContainerRegistry.EastUS001]을 생성하였습니다.
2024-05-08T10:25:39+09 [Information] - Address Name [AzureContainerRegistry.EastUS002]을 생성하였습니다.
2024-05-08T10:25:39+09 [Information] - Address Name [AzureContainerRegistry.EastUS003]을 생성하였습니다.
2024-05-08T10:25:39+09 [Information] - Address Name [AzureContainerRegistry.EastUS004]을 생성하였습니다.
2024-05-08T10:25:40+09 [Information] - Address Name [AzureContainerRegistry.EastUS005]을 생성하였습니다.
2024-05-08T10:25:40+09 [Information] - Address Name [AzureContainerRegistry.EastUS006]을 생성하였습니다.
2024-05-08T10:25:40+09 [Information] - Address Name [AzureContainerRegistry.EastUS007]을 생성하였습니다.
2024-05-08T10:25:41+09 [Information] - Address Name [AzureContainerRegistry.EastUS008]을 생성하였습니다.
2024-05-08T10:25:41+09 [Information] - Address Name [AzureContainerRegistry.EastUS009]을 생성하였습니다.
2024-05-08T10:29:21+09 [Information] - [BackupBasicLoadBalancer] Initiating Backup of Basic Load Balancer Configurations to path ''
2024-05-08T10:29:22+09 [Information] - 방화벽에 태그 [AzureContainerRegistry.EastUS] 을 등록하였습니다.
2024-05-08T10:29:22+09 [Information] - 해당 Service Tag로 방화벽에 등록된 IP 개수는 [0]개 입니다.
2024-05-08T10:29:22+09 [Information] - 해당 Service Tag로 Azure에서 지정된 IP 개수는 [12]개 입니다.
2024-05-08T10:29:22+09 [Information] - 방화벽에 등록된 IP가 Azure에서 지정된 IP 개수보다 [12]개 적으므로, 해당 개수만큼 Address를 생성합니다.
2024-05-08T10:29:22+09 [Information] - 생성될 Address Name은 [AzureContainerRegistry.EastUS001]입니다.
2024-05-08T10:29:22+09 [Information] - 생성될 Address Name은 [AzureContainerRegistry.EastUS002]입니다.
2024-05-08T10:29:22+09 [Information] - 생성될 Address Name은 [AzureContainerRegistry.EastUS003]입니다.
2024-05-08T10:29:22+09 [Information] - 생성될 Address Name은 [AzureContainerRegistry.EastUS004]입니다.
2024-05-08T10:29:22+09 [Information] - 생성될 Address Name은 [AzureContainerRegistry.EastUS005]입니다.
2024-05-08T10:29:22+09 [Information] - 생성될 Address Name은 [AzureContainerRegistry.EastUS006]입니다.
2024-05-08T10:29:22+09 [Information] - 생성될 Address Name은 [AzureContainerRegistry.EastUS007]입니다.
2024-05-08T10:29:22+09 [Information] - 생성될 Address Name은 [AzureContainerRegistry.EastUS008]입니다.
2024-05-08T10:29:22+09 [Information] - 생성될 Address Name은 [AzureContainerRegistry.EastUS009]입니다.
2024-05-08T10:29:22+09 [Information] - 생성될 Address Name은 [AzureContainerRegistry.EastUS010]입니다.
2024-05-08T10:29:22+09 [Information] - 생성될 Address Name은 [AzureContainerRegistry.EastUS011]입니다.
2024-05-08T10:29:22+09 [Information] - 생성될 Address Name은 [AzureContainerRegistry.EastUS012]입니다.
2024-05-08T10:29:23+09 [Information] - Address Name [AzureContainerRegistry.EastUS001]을 생성하였습니다.
2024-05-08T10:29:23+09 [Information] - Address Name [AzureContainerRegistry.EastUS002]을 생성하였습니다.
2024-05-08T10:29:23+09 [Information] - Address Name [AzureContainerRegistry.EastUS003]을 생성하였습니다.
2024-05-08T10:29:24+09 [Information] - Address Name [AzureContainerRegistry.EastUS004]을 생성하였습니다.
2024-05-08T10:29:24+09 [Information] - Address Name [AzureContainerRegistry.EastUS005]을 생성하였습니다.
2024-05-08T10:29:25+09 [Information] - Address Name [AzureContainerRegistry.EastUS006]을 생성하였습니다.
2024-05-08T10:29:25+09 [Information] - Address Name [AzureContainerRegistry.EastUS007]을 생성하였습니다.
2024-05-08T10:29:25+09 [Information] - Address Name [AzureContainerRegistry.EastUS008]을 생성하였습니다.
2024-05-08T10:29:26+09 [Information] - Address Name [AzureContainerRegistry.EastUS009]을 생성하였습니다.
2024-05-08T10:29:26+09 [Information] - Address Name [AzureContainerRegistry.EastUS010]을 생성하였습니다.
2024-05-08T10:29:26+09 [Information] - Address Name [AzureContainerRegistry.EastUS011]을 생성하였습니다.
2024-05-08T10:29:27+09 [Information] - Address Name [AzureContainerRegistry.EastUS012]을 생성하였습니다.
2024-05-08T10:29:27+09 [Information] - Address Name [], Address IP [20.42.66.0/24] 업데이트하였습니다.
2024-05-08T10:29:27+09 [Information] - Address Name [], Address IP [20.42.67.0/24] 업데이트하였습니다.
2024-05-08T10:29:28+09 [Information] - Address Name [], Address IP [20.42.74.64/26] 업데이트하였습니다.
2024-05-08T10:29:28+09 [Information] - Address Name [], Address IP [20.62.128.0/26] 업데이트하였습니다.
2024-05-08T10:29:28+09 [Information] - Address Name [], Address IP [40.71.10.216/29] 업데이트하였습니다.
2024-05-08T10:29:29+09 [Information] - Address Name [], Address IP [40.78.226.208/29] 업데이트하였습니다.
2024-05-08T10:29:29+09 [Information] - Address Name [], Address IP [40.78.231.0/24] 업데이트하였습니다.
2024-05-08T10:29:29+09 [Information] - Address Name [], Address IP [40.79.154.104/29] 업데이트하였습니다.
2024-05-08T10:29:30+09 [Information] - Address Name [], Address IP [52.168.112.192/26] 업데이트하였습니다.
2024-05-08T10:29:30+09 [Information] - Address Name [], Address IP [52.168.114.0/24] 업데이트하였습니다.
2024-05-08T10:29:30+09 [Information] - Address Name [], Address IP [52.168.115.0/24] 업데이트하였습니다.
2024-05-08T10:29:31+09 [Information] - Address Name [], Address IP [57.151.4.0/23] 업데이트하였습니다.
2024-05-08T10:37:25+09 [Information] - 방화벽에 태그 [MicrosoftContainerRegistry.EastUS] 을 등록하였습니다.
2024-05-08T10:37:25+09 [Information] - 해당 Service Tag로 방화벽에 등록된 IP 개수가 0개 입니다.
2024-05-08T10:37:25+09 [Information] - 방화벽에 등록할 Address IP는 총 개 입니다.
2024-05-08T10:37:25+09 [Information] - Address Name [], Address IP [40.71.10.208/29] 생성하였습니다.
2024-05-08T10:37:25+09 [Information] - Address Name [], Address IP [40.78.226.200/29] 생성하였습니다.
2024-05-08T10:37:26+09 [Information] - Address Name [], Address IP [40.79.154.96/29] 생성하였습니다.
2024-05-08T10:39:33+09 [Information] - 해당 Service Tag로 방화벽에 등록된 IP 개수는 [3]개 입니다.
2024-05-08T10:39:33+09 [Information] - 해당 Service Tag로 Azure에서 지정된 IP 개수는 [16]개 입니다.
2024-05-08T10:39:33+09 [Information] - 방화벽에 등록된 IP가 Azure에서 지정된 IP 개수보다 [13]개 적으므로, 해당 개수만큼 Address를 생성합니다.
2024-05-08T10:39:33+09 [Information] - 생성될 Address Name은 [MicrosoftContainerRegistry.EastUS004]입니다.
2024-05-08T10:39:33+09 [Information] - 생성될 Address Name은 [MicrosoftContainerRegistry.EastUS005]입니다.
2024-05-08T10:39:33+09 [Information] - 생성될 Address Name은 [MicrosoftContainerRegistry.EastUS006]입니다.
2024-05-08T10:39:33+09 [Information] - 생성될 Address Name은 [MicrosoftContainerRegistry.EastUS007]입니다.
2024-05-08T10:39:33+09 [Information] - 생성될 Address Name은 [MicrosoftContainerRegistry.EastUS008]입니다.
2024-05-08T10:39:33+09 [Information] - 생성될 Address Name은 [MicrosoftContainerRegistry.EastUS009]입니다.
2024-05-08T10:39:33+09 [Information] - 생성될 Address Name은 [MicrosoftContainerRegistry.EastUS010]입니다.
2024-05-08T10:39:33+09 [Information] - 생성될 Address Name은 [MicrosoftContainerRegistry.EastUS011]입니다.
2024-05-08T10:39:33+09 [Information] - 생성될 Address Name은 [MicrosoftContainerRegistry.EastUS012]입니다.
2024-05-08T10:39:33+09 [Information] - 생성될 Address Name은 [MicrosoftContainerRegistry.EastUS013]입니다.
2024-05-08T10:39:33+09 [Information] - 생성될 Address Name은 [MicrosoftContainerRegistry.EastUS014]입니다.
2024-05-08T10:39:33+09 [Information] - 생성될 Address Name은 [MicrosoftContainerRegistry.EastUS015]입니다.
2024-05-08T10:39:33+09 [Information] - 생성될 Address Name은 [MicrosoftContainerRegistry.EastUS016]입니다.
2024-05-08T10:39:33+09 [Information] - Address Name [MicrosoftContainerRegistry.EastUS004]을 생성하였습니다.
2024-05-08T10:39:33+09 [Information] - Address Name [MicrosoftContainerRegistry.EastUS005]을 생성하였습니다.
2024-05-08T10:39:34+09 [Information] - Address Name [MicrosoftContainerRegistry.EastUS006]을 생성하였습니다.
2024-05-08T10:39:34+09 [Information] - Address Name [MicrosoftContainerRegistry.EastUS007]을 생성하였습니다.
2024-05-08T10:39:34+09 [Information] - Address Name [MicrosoftContainerRegistry.EastUS008]을 생성하였습니다.
2024-05-08T10:39:35+09 [Information] - Address Name [MicrosoftContainerRegistry.EastUS009]을 생성하였습니다.
2024-05-08T10:39:35+09 [Information] - Address Name [MicrosoftContainerRegistry.EastUS010]을 생성하였습니다.
2024-05-08T10:39:35+09 [Information] - Address Name [MicrosoftContainerRegistry.EastUS011]을 생성하였습니다.
2024-05-08T10:39:36+09 [Information] - Address Name [MicrosoftContainerRegistry.EastUS012]을 생성하였습니다.
2024-05-08T10:39:36+09 [Information] - Address Name [MicrosoftContainerRegistry.EastUS013]을 생성하였습니다.
2024-05-08T10:39:37+09 [Information] - Address Name [MicrosoftContainerRegistry.EastUS014]을 생성하였습니다.
2024-05-08T10:39:37+09 [Information] - Address Name [MicrosoftContainerRegistry.EastUS015]을 생성하였습니다.
2024-05-08T10:39:37+09 [Information] - Address Name [MicrosoftContainerRegistry.EastUS016]을 생성하였습니다.
2024-05-08T10:39:38+09 [Information] - Address Name [MicrosoftContainerRegistry.EastUS001], Address IP [20.33.154.0/24] 업데이트하였습니다.
2024-05-08T10:39:38+09 [Information] - Address Name [MicrosoftContainerRegistry.EastUS002], Address IP [20.33.203.0/24] 업데이트하였습니다.
2024-05-08T10:39:38+09 [Information] - Address Name [MicrosoftContainerRegistry.EastUS003], Address IP [20.47.46.0/24] 업데이트하였습니다.
2024-05-08T10:39:39+09 [Information] - Address Name [MicrosoftContainerRegistry.EastUS004], Address IP [20.60.16.0/24] 업데이트하였습니다.
2024-05-08T10:39:39+09 [Information] - Address Name [MicrosoftContainerRegistry.EastUS005], Address IP [20.60.200.0/23] 업데이트하였습니다.
2024-05-08T10:39:39+09 [Information] - Address Name [MicrosoftContainerRegistry.EastUS006], Address IP [20.150.4.0/23] 업데이트하였습니다.
2024-05-08T10:39:40+09 [Information] - Address Name [MicrosoftContainerRegistry.EastUS007], Address IP [20.157.140.0/24] 업데이트하였습니다.
2024-05-08T10:39:40+09 [Information] - Address Name [MicrosoftContainerRegistry.EastUS008], Address IP [20.209.46.0/23] 업데이트하였습니다.
2024-05-08T10:39:40+09 [Information] - Address Name [MicrosoftContainerRegistry.EastUS009], Address IP [20.209.250.0/23] 업데이트하였습니다.
2024-05-08T10:39:41+09 [Information] - Address Name [MicrosoftContainerRegistry.EastUS010], Address IP [52.231.80.64/27] 업데이트하였습니다.
2024-05-08T10:39:41+09 [Information] - Address Name [MicrosoftContainerRegistry.EastUS011], Address IP [52.231.80.112/28] 업데이트하였습니다.
2024-05-08T10:39:41+09 [Information] - Address Name [MicrosoftContainerRegistry.EastUS012], Address IP [52.231.80.128/28] 업데이트하였습니다.
2024-05-08T10:39:42+09 [Information] - Address Name [MicrosoftContainerRegistry.EastUS013], Address IP [52.231.80.160/27] 업데이트하였습니다.
2024-05-08T10:39:42+09 [Information] - Address Name [MicrosoftContainerRegistry.EastUS014], Address IP [52.239.148.0/27] 업데이트하였습니다.
2024-05-08T10:39:42+09 [Information] - Address Name [MicrosoftContainerRegistry.EastUS015], Address IP [52.239.164.192/26] 업데이트하였습니다.
2024-05-08T10:39:43+09 [Information] - Address Name [MicrosoftContainerRegistry.EastUS016], Address IP [52.239.190.128/26] 업데이트하였습니다.
2024-05-08T10:41:23+09 [Information] - ------------------------------------------------------------------
2024-05-08T10:41:23+09 [Information] - 방화벽에 Service Tag [MicrosoftContainerRegistry.EastUS]에 대한 동기화 작업을 시작합니다.
2024-05-08T10:41:24+09 [Information] - 해당 Service Tag로 방화벽에 등록된 IP 개수는 [16]개 입니다.
2024-05-08T10:41:24+09 [Information] - 해당 Service Tag로 Azure에서 지정된 IP 개수는 [4]개 입니다.
2024-05-08T10:41:24+09 [Information] - Azure에서 지정된 IP 개수가 방화벽에 등록된 IP보다 [12]개 적으므로, 해당 개수만큼 Address를 삭제합니다.
2024-05-08T10:41:24+09 [Information] - 삭제될 Address Name은 [MicrosoftContainerRegistry.EastUS005]입니다.
2024-05-08T10:41:24+09 [Information] - 삭제될 Address Name은 [MicrosoftContainerRegistry.EastUS006]입니다.
2024-05-08T10:41:24+09 [Information] - 삭제될 Address Name은 [MicrosoftContainerRegistry.EastUS007]입니다.
2024-05-08T10:41:24+09 [Information] - 삭제될 Address Name은 [MicrosoftContainerRegistry.EastUS008]입니다.
2024-05-08T10:41:24+09 [Information] - 삭제될 Address Name은 [MicrosoftContainerRegistry.EastUS009]입니다.
2024-05-08T10:41:24+09 [Information] - 삭제될 Address Name은 [MicrosoftContainerRegistry.EastUS010]입니다.
2024-05-08T10:41:24+09 [Information] - 삭제될 Address Name은 [MicrosoftContainerRegistry.EastUS011]입니다.
2024-05-08T10:41:24+09 [Information] - 삭제될 Address Name은 [MicrosoftContainerRegistry.EastUS012]입니다.
2024-05-08T10:41:24+09 [Information] - 삭제될 Address Name은 [MicrosoftContainerRegistry.EastUS013]입니다.
2024-05-08T10:41:24+09 [Information] - 삭제될 Address Name은 [MicrosoftContainerRegistry.EastUS014]입니다.
2024-05-08T10:41:24+09 [Information] - 삭제될 Address Name은 [MicrosoftContainerRegistry.EastUS015]입니다.
2024-05-08T10:41:24+09 [Information] - 삭제될 Address Name은 [MicrosoftContainerRegistry.EastUS016]입니다.
2024-05-08T10:41:24+09 [Information] - Address Name [MicrosoftContainerRegistry.EastUS005]을 삭제하였습니다.
2024-05-08T10:41:25+09 [Information] - Address Name [MicrosoftContainerRegistry.EastUS006]을 삭제하였습니다.
2024-05-08T10:41:26+09 [Information] - Address Name [MicrosoftContainerRegistry.EastUS007]을 삭제하였습니다.
2024-05-08T10:41:26+09 [Information] - Address Name [MicrosoftContainerRegistry.EastUS008]을 삭제하였습니다.
2024-05-08T10:41:27+09 [Information] - Address Name [MicrosoftContainerRegistry.EastUS009]을 삭제하였습니다.
2024-05-08T10:41:28+09 [Information] - Address Name [MicrosoftContainerRegistry.EastUS010]을 삭제하였습니다.
2024-05-08T10:41:29+09 [Information] - Address Name [MicrosoftContainerRegistry.EastUS011]을 삭제하였습니다.
2024-05-08T10:41:29+09 [Information] - Address Name [MicrosoftContainerRegistry.EastUS012]을 삭제하였습니다.
2024-05-08T10:41:30+09 [Information] - Address Name [MicrosoftContainerRegistry.EastUS013]을 삭제하였습니다.
2024-05-08T10:41:30+09 [Information] - Address Name [MicrosoftContainerRegistry.EastUS014]을 삭제하였습니다.
2024-05-08T10:41:30+09 [Information] - Address Name [MicrosoftContainerRegistry.EastUS015]을 삭제하였습니다.
2024-05-08T10:41:31+09 [Information] - Address Name [MicrosoftContainerRegistry.EastUS016]을 삭제하였습니다.
2024-05-08T10:41:31+09 [Information] - Address Name [MicrosoftContainerRegistry.EastUS001], Address IP [20.45.123.236/30] 업데이트하였습니다.
2024-05-08T10:41:31+09 [Information] - Address Name [MicrosoftContainerRegistry.EastUS002], Address IP [20.47.194.50/32] 업데이트하였습니다.
2024-05-08T10:41:32+09 [Information] - Address Name [MicrosoftContainerRegistry.EastUS003], Address IP [20.47.194.102/32] 업데이트하였습니다.
2024-05-08T10:41:32+09 [Information] - Address Name [MicrosoftContainerRegistry.EastUS004], Address IP [20.52.95.254/31] 업데이트하였습니다.
2024-05-08T13:22:04+09 [Information] - ------------------------------------------------------------------
2024-05-08T13:22:04+09 [Information] - 방화벽에 Service Tag [MicrosoftContainerRegistry.EastUS]에 대한 동기화 작업을 시작합니다.
2024-05-08T13:22:04+09 [Information] - 방화벽에 새로운 태그 [Storage.KoreaCentral] 을 등록하였습니다.
2024-05-08T13:22:04+09 [Information] - 방화벽에 새로운 태그 [HDInsight.KoreaCentral] 을 등록하였습니다.
2024-05-08T13:22:04+09 [Information] - 방화벽에 새로운 태그 [AzureContainerRegistry.KoreaSouth] 을 등록하였습니다.
2024-05-08T13:22:04+09 [Information] - 방화벽에 새로운 태그 [MicrosoftContainerRegistry.EastUS] 을 등록하였습니다.
2024-05-08T13:22:04+09 [Information] - 해당 Service Tag로 방화벽에 등록된 IP 개수가 0개 입니다.
2024-05-08T13:22:04+09 [Information] - 방화벽에 등록할 Address IP는 총 6개 입니다.
2024-05-08T13:22:04+09 [Information] - Address Name [MicrosoftContainerRegistry.EastUS001], Address IP [20.17.130.24/30] 생성하였습니다.
2024-05-08T13:22:04+09 [Information] - Address Name [MicrosoftContainerRegistry.EastUS002], Address IP [20.21.42.88/30] 생성하였습니다.
2024-05-08T13:22:04+09 [Information] - Address Name [MicrosoftContainerRegistry.EastUS003], Address IP [20.38.133.4/30] 생성하였습니다.
2024-05-08T13:22:04+09 [Information] - Address Name [MicrosoftContainerRegistry.EastUS004], Address IP [20.38.149.132/30] 생성하였습니다.
2024-05-08T13:22:04+09 [Information] - Address Name [MicrosoftContainerRegistry.EastUS005], Address IP [20.42.64.36/30] 생성하였습니다.
2024-05-08T13:22:04+09 [Information] - Address Name [MicrosoftContainerRegistry.EastUS006], Address IP [20.43.121.124/30] 생성하였습니다.
2024-05-08T13:22:04+09 [Information] - Service Tag의 ChangeNum을 [ServiceTag_changeNum.json]에 저장합니다. 
2024-05-08T13:22:04+09 [Information] - Service Tag [Storage.KoreaCentral]의 마지막 ChangeNum은 [10]입니다. 파일에 기록합니다.
2024-05-08T13:22:04+09 [Information] - Service Tag [HDInsight.KoreaCentral]의 마지막 ChangeNum은 [4]입니다. 파일에 기록합니다.
2024-05-08T13:22:04+09 [Information] - Service Tag [AzureContainerRegistry.KoreaSouth]의 마지막 ChangeNum은 [8]입니다. 파일에 기록합니다.
2024-05-08T13:22:04+09 [Information] - Service Tag [MicrosoftContainerRegistry.EastUS]의 마지막 ChangeNum은 [2]입니다. 파일에 기록합니다.
2024-05-08T13:22:04+09 [Information] - Service Tag의 ChangeNum 업데이트 작업이 끝났습니다.
2024-05-08T13:22:04+09 [Information] - Service Tag의 Sync 작업이 종료되었습니다.
2024-05-08T13:30:13+09 [Information] - ------------------------------------------------------------------
2024-05-08T13:30:13+09 [Information] - 방화벽에 Service Tag [MicrosoftContainerRegistry.EastUS]에 대한 동기화 작업을 시작합니다.
2024-05-08T13:30:14+09 [Information] - 해당 Service Tag로 방화벽에 등록된 IP 개수는 [4]개 입니다.
2024-05-08T13:30:14+09 [Information] - 해당 Service Tag로 Azure에서 지정된 IP 개수는 [6]개 입니다.
2024-05-08T13:30:14+09 [Information] - 방화벽에 등록된 IP가 Azure에서 지정된 IP 개수보다 [2]개 적으므로, 해당 개수만큼 Address를 생성합니다.
2024-05-08T13:30:14+09 [Information] - 생성될 Address Name은 [MicrosoftContainerRegistry.EastUS005]입니다.
2024-05-08T13:30:14+09 [Information] - 생성될 Address Name은 [MicrosoftContainerRegistry.EastUS006]입니다.
2024-05-08T13:30:15+09 [Information] - Address Name [MicrosoftContainerRegistry.EastUS005]을 생성하였습니다.
2024-05-08T13:30:15+09 [Information] - Address Name [MicrosoftContainerRegistry.EastUS006]을 생성하였습니다.
2024-05-08T13:30:15+09 [Information] - Address Name [MicrosoftContainerRegistry.EastUS001], Address IP [20.17.130.24/30] 업데이트하였습니다.
2024-05-08T13:30:16+09 [Information] - Address Name [MicrosoftContainerRegistry.EastUS002], Address IP [20.21.42.88/30] 업데이트하였습니다.
2024-05-08T13:30:16+09 [Information] - Address Name [MicrosoftContainerRegistry.EastUS003], Address IP [20.38.133.4/30] 업데이트하였습니다.
2024-05-08T13:30:17+09 [Information] - Address Name [MicrosoftContainerRegistry.EastUS004], Address IP [20.38.149.132/30] 업데이트하였습니다.
2024-05-08T13:30:17+09 [Information] - Address Name [MicrosoftContainerRegistry.EastUS005], Address IP [20.42.64.36/30] 업데이트하였습니다.
2024-05-08T13:30:17+09 [Information] - Address Name [MicrosoftContainerRegistry.EastUS006], Address IP [20.43.121.124/30] 업데이트하였습니다.
2024-05-08T13:30:17+09 [Information] - Service Tag의 ChangeNum을 [ServiceTag_changeNum.json]에 저장합니다. 
2024-05-08T13:30:17+09 [Information] - Service Tag [Storage.KoreaCentral]의 마지막 ChangeNum은 [10]입니다. 파일에 기록합니다.
2024-05-08T13:30:17+09 [Information] - Service Tag [HDInsight.KoreaCentral]의 마지막 ChangeNum은 [4]입니다. 파일에 기록합니다.
2024-05-08T13:30:17+09 [Information] - Service Tag [AzureContainerRegistry.KoreaSouth]의 마지막 ChangeNum은 [8]입니다. 파일에 기록합니다.
2024-05-08T13:30:18+09 [Information] - Service Tag [MicrosoftContainerRegistry.EastUS]의 마지막 ChangeNum은 [2]입니다. 파일에 기록합니다.
2024-05-08T13:30:18+09 [Information] - Service Tag의 ChangeNum 업데이트 작업이 끝났습니다.
2024-05-08T13:30:18+09 [Information] - Service Tag의 Sync 작업이 종료되었습니다.
2024-05-08T13:42:28+09 [Information] - ------------------------------------------------------------------
2024-05-08T13:42:28+09 [Information] - ------------------------------------------------------------------
2024-05-08T13:42:28+09 [Information] - ------------------------------------------------------------------
2024-05-08T13:42:28+09 [Information] - 방화벽에 Service Tag [Storage.KoreaCentral]에 대한 동기화 작업을 시작합니다.
2024-05-08T13:42:28+09 [Information] - 해당 Service Tag로 방화벽에 등록된 IP 개수는 [3]개 입니다.
2024-05-08T13:42:28+09 [Information] - 해당 Service Tag로 Azure에서 지정된 IP 개수는 [16]개 입니다.
2024-05-08T13:42:28+09 [Information] - 방화벽에 등록된 IP가 Azure에서 지정된 IP 개수보다 [13]개 적으므로, 해당 개수만큼 Address를 생성합니다.
2024-05-08T13:42:28+09 [Information] - 생성될 Address Name은 [Storage.KoreaCentral004]입니다.
2024-05-08T13:42:28+09 [Information] - 생성될 Address Name은 [Storage.KoreaCentral005]입니다.
2024-05-08T13:42:28+09 [Information] - 생성될 Address Name은 [Storage.KoreaCentral006]입니다.
2024-05-08T13:42:28+09 [Information] - 생성될 Address Name은 [Storage.KoreaCentral007]입니다.
2024-05-08T13:42:28+09 [Information] - 생성될 Address Name은 [Storage.KoreaCentral008]입니다.
2024-05-08T13:42:28+09 [Information] - 생성될 Address Name은 [Storage.KoreaCentral009]입니다.
2024-05-08T13:42:28+09 [Information] - 생성될 Address Name은 [Storage.KoreaCentral010]입니다.
2024-05-08T13:42:28+09 [Information] - 생성될 Address Name은 [Storage.KoreaCentral011]입니다.
2024-05-08T13:42:28+09 [Information] - 생성될 Address Name은 [Storage.KoreaCentral012]입니다.
2024-05-08T13:42:28+09 [Information] - 생성될 Address Name은 [Storage.KoreaCentral013]입니다.
2024-05-08T13:42:28+09 [Information] - 생성될 Address Name은 [Storage.KoreaCentral014]입니다.
2024-05-08T13:42:28+09 [Information] - 생성될 Address Name은 [Storage.KoreaCentral015]입니다.
2024-05-08T13:42:28+09 [Information] - 생성될 Address Name은 [Storage.KoreaCentral016]입니다.
2024-05-08T13:42:29+09 [Information] - Address Name [Storage.KoreaCentral004]을 생성하였습니다.
2024-05-08T13:42:29+09 [Information] - Address Name [Storage.KoreaCentral005]을 생성하였습니다.
2024-05-08T13:42:30+09 [Information] - Address Name [Storage.KoreaCentral006]을 생성하였습니다.
2024-05-08T13:42:30+09 [Information] - Address Name [Storage.KoreaCentral007]을 생성하였습니다.
2024-05-08T13:42:31+09 [Information] - Address Name [Storage.KoreaCentral008]을 생성하였습니다.
2024-05-08T13:42:31+09 [Information] - Address Name [Storage.KoreaCentral009]을 생성하였습니다.
2024-05-08T13:42:32+09 [Information] - Address Name [Storage.KoreaCentral010]을 생성하였습니다.
2024-05-08T13:42:32+09 [Information] - Address Name [Storage.KoreaCentral011]을 생성하였습니다.
2024-05-08T13:42:33+09 [Information] - Address Name [Storage.KoreaCentral012]을 생성하였습니다.
2024-05-08T13:42:33+09 [Information] - Address Name [Storage.KoreaCentral013]을 생성하였습니다.
2024-05-08T13:42:33+09 [Information] - Address Name [Storage.KoreaCentral014]을 생성하였습니다.
2024-05-08T13:42:34+09 [Information] - Address Name [Storage.KoreaCentral015]을 생성하였습니다.
2024-05-08T13:42:34+09 [Information] - Address Name [Storage.KoreaCentral016]을 생성하였습니다.
2024-05-08T13:42:35+09 [Information] - Address Name [Storage.KoreaCentral001], Address IP [20.33.154.0/24] 업데이트하였습니다.
2024-05-08T13:42:36+09 [Information] - Address Name [Storage.KoreaCentral002], Address IP [20.33.203.0/24] 업데이트하였습니다.
2024-05-08T13:42:37+09 [Information] - Address Name [Storage.KoreaCentral003], Address IP [20.47.46.0/24] 업데이트하였습니다.
2024-05-08T13:42:37+09 [Information] - Address Name [Storage.KoreaCentral004], Address IP [20.60.16.0/24] 업데이트하였습니다.
2024-05-08T13:42:38+09 [Information] - Address Name [Storage.KoreaCentral005], Address IP [20.60.200.0/23] 업데이트하였습니다.
2024-05-08T13:42:38+09 [Information] - Address Name [Storage.KoreaCentral006], Address IP [20.150.4.0/23] 업데이트하였습니다.
2024-05-08T13:42:38+09 [Information] - Address Name [Storage.KoreaCentral007], Address IP [20.157.140.0/24] 업데이트하였습니다.
2024-05-08T13:42:40+09 [Information] - Address Name [Storage.KoreaCentral008], Address IP [20.209.46.0/23] 업데이트하였습니다.
2024-05-08T13:42:41+09 [Information] - Address Name [Storage.KoreaCentral009], Address IP [20.209.250.0/23] 업데이트하였습니다.
2024-05-08T13:42:41+09 [Information] - Address Name [Storage.KoreaCentral010], Address IP [52.231.80.64/27] 업데이트하였습니다.
2024-05-08T13:42:42+09 [Information] - Address Name [Storage.KoreaCentral011], Address IP [52.231.80.112/28] 업데이트하였습니다.
2024-05-08T13:42:43+09 [Information] - Address Name [Storage.KoreaCentral012], Address IP [52.231.80.128/28] 업데이트하였습니다.
2024-05-08T13:42:44+09 [Information] - Address Name [Storage.KoreaCentral013], Address IP [52.231.80.160/27] 업데이트하였습니다.
2024-05-08T13:42:44+09 [Information] - Address Name [Storage.KoreaCentral014], Address IP [52.239.148.0/27] 업데이트하였습니다.
2024-05-08T13:42:46+09 [Information] - Address Name [Storage.KoreaCentral015], Address IP [52.239.164.192/26] 업데이트하였습니다.
2024-05-08T13:42:46+09 [Information] - Address Name [Storage.KoreaCentral016], Address IP [52.239.190.128/26] 업데이트하였습니다.
2024-05-08T13:42:46+09 [Information] - ------------------------------------------------------------------
2024-05-08T13:42:46+09 [Information] - ------------------------------------------------------------------
2024-05-08T13:42:46+09 [Information] - ------------------------------------------------------------------
2024-05-08T13:42:46+09 [Information] - 방화벽에 Service Tag [HDInsight.KoreaCentral]에 대한 동기화 작업을 시작합니다.
2024-05-08T13:42:46+09 [Information] - 해당 Service Tag로 방화벽에 등록된 IP 개수는 [1]개 입니다.
2024-05-08T13:42:46+09 [Information] - 해당 Service Tag로 Azure에서 지정된 IP 개수는 [4]개 입니다.
2024-05-08T13:42:46+09 [Information] - 방화벽에 등록된 IP가 Azure에서 지정된 IP 개수보다 [3]개 적으므로, 해당 개수만큼 Address를 생성합니다.
2024-05-08T13:42:46+09 [Information] - 생성될 Address Name은 [HDInsight.KoreaCentral002]입니다.
2024-05-08T13:42:46+09 [Information] - 생성될 Address Name은 [HDInsight.KoreaCentral003]입니다.
2024-05-08T13:42:46+09 [Information] - 생성될 Address Name은 [HDInsight.KoreaCentral004]입니다.
2024-05-08T13:42:47+09 [Information] - Address Name [HDInsight.KoreaCentral002]을 생성하였습니다.
2024-05-08T13:42:47+09 [Information] - Address Name [HDInsight.KoreaCentral003]을 생성하였습니다.
2024-05-08T13:42:48+09 [Information] - Address Name [HDInsight.KoreaCentral004]을 생성하였습니다.
2024-05-08T13:42:48+09 [Information] - Address Name [HDInsight.KoreaCentral001], Address IP [20.41.69.32/29] 업데이트하였습니다.
2024-05-08T13:42:49+09 [Information] - Address Name [HDInsight.KoreaCentral002], Address IP [20.44.26.240/29] 업데이트하였습니다.
2024-05-08T13:42:50+09 [Information] - Address Name [HDInsight.KoreaCentral003], Address IP [52.231.36.209/32] 업데이트하였습니다.
2024-05-08T13:42:50+09 [Information] - Address Name [HDInsight.KoreaCentral004], Address IP [52.231.39.142/32] 업데이트하였습니다.
2024-05-08T13:42:50+09 [Information] - ------------------------------------------------------------------
2024-05-08T13:42:50+09 [Information] - ------------------------------------------------------------------
2024-05-08T13:42:50+09 [Information] - ------------------------------------------------------------------
2024-05-08T13:42:50+09 [Information] - 방화벽에 Service Tag [AzureContainerRegistry.KoreaSouth]에 대한 동기화 작업을 시작합니다.
2024-05-08T13:42:50+09 [Information] - 해당 Service Tag로 방화벽에 등록된 IP 개수는 [7]개 입니다.
2024-05-08T13:42:50+09 [Information] - 해당 Service Tag로 Azure에서 지정된 IP 개수는 [5]개 입니다.
2024-05-08T13:42:50+09 [Information] - Azure에서 지정된 IP 개수가 방화벽에 등록된 IP보다 [2]개 적으므로, 해당 개수만큼 Address를 삭제합니다.
2024-05-08T13:42:50+09 [Information] - 삭제될 Address Name은 [AzureContainerRegistry.KoreaSouth006]입니다.
2024-05-08T13:42:50+09 [Information] - 삭제될 Address Name은 [AzureContainerRegistry.KoreaSouth007]입니다.
2024-05-08T13:42:52+09 [Information] - Address Name [AzureContainerRegistry.KoreaSouth006]을 삭제하였습니다.
2024-05-08T13:42:52+09 [Information] - Address Name [AzureContainerRegistry.KoreaSouth007]을 삭제하였습니다.
2024-05-08T13:42:53+09 [Information] - Address Name [AzureContainerRegistry.KoreaSouth001], Address IP [4.243.41.64/26] 업데이트하였습니다.
2024-05-08T13:42:53+09 [Information] - Address Name [AzureContainerRegistry.KoreaSouth002], Address IP [20.200.166.64/26] 업데이트하였습니다.
2024-05-08T13:42:54+09 [Information] - Address Name [AzureContainerRegistry.KoreaSouth003], Address IP [52.147.97.128/25] 업데이트하였습니다.
2024-05-08T13:42:54+09 [Information] - Address Name [AzureContainerRegistry.KoreaSouth004], Address IP [52.231.146.192/29] 업데이트하였습니다.
2024-05-08T13:42:55+09 [Information] - Address Name [AzureContainerRegistry.KoreaSouth005], Address IP [52.231.151.128/26] 업데이트하였습니다.
2024-05-08T13:42:55+09 [Information] - ------------------------------------------------------------------
2024-05-08T13:42:55+09 [Information] - ------------------------------------------------------------------
2024-05-08T13:42:55+09 [Information] - ------------------------------------------------------------------
2024-05-08T13:42:55+09 [Information] - 방화벽에 Service Tag [MicrosoftContainerRegistry.EastUS]에 대한 동기화 작업을 시작합니다.
2024-05-08T13:42:55+09 [Information] - 해당 Service Tag로 방화벽에 등록된 IP 개수는 [6]개 입니다.
2024-05-08T13:42:55+09 [Information] - 해당 Service Tag로 Azure에서 지정된 IP 개수는 [3]개 입니다.
2024-05-08T13:42:55+09 [Information] - Azure에서 지정된 IP 개수가 방화벽에 등록된 IP보다 [3]개 적으므로, 해당 개수만큼 Address를 삭제합니다.
2024-05-08T13:42:55+09 [Information] - 삭제될 Address Name은 [MicrosoftContainerRegistry.EastUS004]입니다.
2024-05-08T13:42:55+09 [Information] - 삭제될 Address Name은 [MicrosoftContainerRegistry.EastUS005]입니다.
2024-05-08T13:42:55+09 [Information] - 삭제될 Address Name은 [MicrosoftContainerRegistry.EastUS006]입니다.
2024-05-08T13:42:56+09 [Information] - Address Name [MicrosoftContainerRegistry.EastUS004]을 삭제하였습니다.
2024-05-08T13:42:56+09 [Information] - Address Name [MicrosoftContainerRegistry.EastUS005]을 삭제하였습니다.
2024-05-08T13:42:57+09 [Information] - Address Name [MicrosoftContainerRegistry.EastUS006]을 삭제하였습니다.
2024-05-08T13:42:57+09 [Information] - Address Name [MicrosoftContainerRegistry.EastUS001], Address IP [40.71.10.208/29] 업데이트하였습니다.
2024-05-08T13:42:58+09 [Information] - Address Name [MicrosoftContainerRegistry.EastUS002], Address IP [40.78.226.200/29] 업데이트하였습니다.
2024-05-08T13:42:58+09 [Information] - Address Name [MicrosoftContainerRegistry.EastUS003], Address IP [40.79.154.96/29] 업데이트하였습니다.
2024-05-08T13:42:58+09 [Information] - Service Tag의 ChangeNum을 [ServiceTag_changeNum.json]에 저장합니다. 
2024-05-08T13:42:58+09 [Information] - Service Tag [Storage.KoreaCentral]의 마지막 ChangeNum은 [10]입니다. 파일에 기록합니다.
2024-05-08T13:42:58+09 [Information] - Service Tag [HDInsight.KoreaCentral]의 마지막 ChangeNum은 [4]입니다. 파일에 기록합니다.
2024-05-08T13:42:58+09 [Information] - Service Tag [AzureContainerRegistry.KoreaSouth]의 마지막 ChangeNum은 [8]입니다. 파일에 기록합니다.
2024-05-08T13:42:58+09 [Information] - Service Tag [MicrosoftContainerRegistry.EastUS]의 마지막 ChangeNum은 [2]입니다. 파일에 기록합니다.
2024-05-08T13:42:58+09 [Information] - Service Tag의 ChangeNum 업데이트 작업이 끝났습니다.
2024-05-08T13:42:58+09 [Information] - Service Tag의 Sync 작업이 종료되었습니다.
2024-05-08T13:42:58+09 [Information] - ------------------------------------------------------------------
2024-05-08T13:42:58+09 [Information] - ------------------------------------------------------------------
2024-05-08T13:48:36+09 [Information] - 방화벽에 태그 [AzureContainerRegistry.EastUS] 가 등록되어 있습니다.
2024-05-08T13:48:36+09 [Information] - 방화벽에 태그 [AzureContainerRegistry.EastUS] 가 등록되어 있습니다.
2024-05-08T13:48:36+09 [Information] - 방화벽에 태그 [AzureContainerRegistry.EastUS] 가 등록되어 있습니다.
2024-05-08T13:48:36+09 [Information] - 방화벽에 태그 [AzureContainerRegistry.EastUS] 가 등록되어 있습니다.
2024-05-08T13:48:36+09 [Information] - ------------------------------------------------------------------
2024-05-08T13:48:36+09 [Information] - 방화벽에 Service Tag [Storage.KoreaCentral]에 대한 동기화 작업을 시작합니다.
2024-05-08T13:48:36+09 [Information] - 해당 Service Tag로 방화벽에 등록된 IP 개수는 [16]개 입니다.
2024-05-08T13:48:36+09 [Information] - 해당 Service Tag로 Azure에서 지정된 IP 개수는 [16]개 입니다.
2024-05-08T13:48:36+09 [Information] - 방화벽에 등록된 IP 개수와 Azure에서 지정된 IP 개수가 일치합니다.
2024-05-08T13:48:36+09 [Information] - 기존 Service Tag의 ChangeNum과 새로 업데이트된 Azure Service Tag의 ChangeNum을 비교합니다.
2024-05-08T13:48:36+09 [Information] - 기존 Service Tag의 ChangeNum = [10].
2024-05-08T13:48:36+09 [Information] - 업데이트된 Azure Service Tag의 ChangeNum = [10].
2024-05-08T13:48:36+09 [Information] - ChangeNum이 동일하므로 업데이트할 내역이 없습니다.
2024-05-08T13:48:36+09 [Information] - ------------------------------------------------------------------
2024-05-08T13:48:36+09 [Information] - 방화벽에 Service Tag [HDInsight.KoreaCentral]에 대한 동기화 작업을 시작합니다.
2024-05-08T13:48:36+09 [Information] - 해당 Service Tag로 방화벽에 등록된 IP 개수는 [4]개 입니다.
2024-05-08T13:48:36+09 [Information] - 해당 Service Tag로 Azure에서 지정된 IP 개수는 [4]개 입니다.
2024-05-08T13:48:36+09 [Information] - 방화벽에 등록된 IP 개수와 Azure에서 지정된 IP 개수가 일치합니다.
2024-05-08T13:48:36+09 [Information] - 기존 Service Tag의 ChangeNum과 새로 업데이트된 Azure Service Tag의 ChangeNum을 비교합니다.
2024-05-08T13:48:36+09 [Information] - 기존 Service Tag의 ChangeNum = [4].
2024-05-08T13:48:36+09 [Information] - 업데이트된 Azure Service Tag의 ChangeNum = [4].
2024-05-08T13:48:36+09 [Information] - ChangeNum이 동일하므로 업데이트할 내역이 없습니다.
2024-05-08T13:48:36+09 [Information] - ------------------------------------------------------------------
2024-05-08T13:48:36+09 [Information] - 방화벽에 Service Tag [AzureContainerRegistry.KoreaSouth]에 대한 동기화 작업을 시작합니다.
2024-05-08T13:48:36+09 [Information] - 해당 Service Tag로 방화벽에 등록된 IP 개수는 [5]개 입니다.
2024-05-08T13:48:36+09 [Information] - 해당 Service Tag로 Azure에서 지정된 IP 개수는 [5]개 입니다.
2024-05-08T13:48:36+09 [Information] - 방화벽에 등록된 IP 개수와 Azure에서 지정된 IP 개수가 일치합니다.
2024-05-08T13:48:36+09 [Information] - 기존 Service Tag의 ChangeNum과 새로 업데이트된 Azure Service Tag의 ChangeNum을 비교합니다.
2024-05-08T13:48:36+09 [Information] - 기존 Service Tag의 ChangeNum = [8].
2024-05-08T13:48:36+09 [Information] - 업데이트된 Azure Service Tag의 ChangeNum = [8].
2024-05-08T13:48:36+09 [Information] - ChangeNum이 동일하므로 업데이트할 내역이 없습니다.
2024-05-08T13:48:36+09 [Information] - ------------------------------------------------------------------
2024-05-08T13:48:36+09 [Information] - 방화벽에 Service Tag [MicrosoftContainerRegistry.EastUS]에 대한 동기화 작업을 시작합니다.
2024-05-08T13:48:36+09 [Information] - 해당 Service Tag로 방화벽에 등록된 IP 개수는 [3]개 입니다.
2024-05-08T13:48:36+09 [Information] - 해당 Service Tag로 Azure에서 지정된 IP 개수는 [3]개 입니다.
2024-05-08T13:48:36+09 [Information] - 방화벽에 등록된 IP 개수와 Azure에서 지정된 IP 개수가 일치합니다.
2024-05-08T13:48:36+09 [Information] - 기존 Service Tag의 ChangeNum과 새로 업데이트된 Azure Service Tag의 ChangeNum을 비교합니다.
2024-05-08T13:48:36+09 [Information] - 기존 Service Tag의 ChangeNum = [2].
2024-05-08T13:48:36+09 [Information] - 업데이트된 Azure Service Tag의 ChangeNum = [2].
2024-05-08T13:48:36+09 [Information] - ChangeNum이 동일하므로 업데이트할 내역이 없습니다.
2024-05-08T13:48:36+09 [Information] - Service Tag의 ChangeNum을 [ServiceTag_changeNum.json]에 저장합니다. 
2024-05-08T13:48:36+09 [Information] - Service Tag [Storage.KoreaCentral]의 마지막 ChangeNum은 [10]입니다. 파일에 기록합니다.
2024-05-08T13:48:36+09 [Information] - Service Tag [HDInsight.KoreaCentral]의 마지막 ChangeNum은 [4]입니다. 파일에 기록합니다.
2024-05-08T13:48:37+09 [Information] - Service Tag [AzureContainerRegistry.KoreaSouth]의 마지막 ChangeNum은 [8]입니다. 파일에 기록합니다.
2024-05-08T13:48:37+09 [Information] - Service Tag [MicrosoftContainerRegistry.EastUS]의 마지막 ChangeNum은 [2]입니다. 파일에 기록합니다.
2024-05-08T13:48:37+09 [Information] - Service Tag의 ChangeNum 업데이트 작업이 끝났습니다.
2024-05-08T13:48:37+09 [Information] - Service Tag의 Sync 작업이 종료되었습니다.
2024-05-08T13:48:37+09 [Information] - ------------------------------------------------------------------
2024-05-08T13:49:31+09 [Information] - 해당 날짜의 Service Tag JSON파일 [ServiceTags_Public_20240506.json]이 이미 존재합니다. 다운로드하지 않습니다.
2024-05-08T13:49:31+09 [Information] - Making Storage.KoreaCentral IPs to txt file.
2024-05-08T13:49:31+09 [Information] - Making HDInsight.KoreaCentral IPs to txt file.
2024-05-08T13:49:31+09 [Information] - Making AzureContainerRegistry.KoreaSouth IPs to txt file.
2024-05-08T13:49:32+09 [Information] - Making MicrosoftContainerRegistry.EastUS IPs to txt file.
2024-05-08T13:49:33+09 [Information] - 방화벽에 태그 [AzureContainerRegistry.EastUS] 가 등록되어 있습니다.
2024-05-08T13:49:33+09 [Information] - 방화벽에 태그 [AzureContainerRegistry.EastUS] 가 등록되어 있습니다.
2024-05-08T13:49:33+09 [Information] - 방화벽에 태그 [AzureContainerRegistry.EastUS] 가 등록되어 있습니다.
2024-05-08T13:49:33+09 [Information] - 방화벽에 태그 [AzureContainerRegistry.EastUS] 가 등록되어 있습니다.
2024-05-08T13:49:33+09 [Information] - ------------------------------------------------------------------
2024-05-08T13:49:33+09 [Information] - 방화벽에 Service Tag [Storage.KoreaCentral]에 대한 동기화 작업을 시작합니다.
2024-05-08T13:49:33+09 [Information] - 해당 Service Tag로 방화벽에 등록된 IP 개수는 [16]개 입니다.
2024-05-08T13:49:33+09 [Information] - 해당 Service Tag로 Azure에서 지정된 IP 개수는 [16]개 입니다.
2024-05-08T13:49:33+09 [Information] - 방화벽에 등록된 IP 개수와 Azure에서 지정된 IP 개수가 일치합니다.
2024-05-08T13:49:33+09 [Information] - 기존 Service Tag의 ChangeNum과 새로 업데이트된 Azure Service Tag의 ChangeNum을 비교합니다.
2024-05-08T13:49:33+09 [Information] - 기존 Service Tag의 ChangeNum = [10].
2024-05-08T13:49:33+09 [Information] - 업데이트된 Azure Service Tag의 ChangeNum = [10].
2024-05-08T13:49:33+09 [Information] - ChangeNum이 동일하므로 업데이트할 내역이 없습니다.
2024-05-08T13:49:33+09 [Information] - ------------------------------------------------------------------
2024-05-08T13:49:33+09 [Information] - 방화벽에 Service Tag [HDInsight.KoreaCentral]에 대한 동기화 작업을 시작합니다.
2024-05-08T13:49:33+09 [Information] - 해당 Service Tag로 방화벽에 등록된 IP 개수는 [4]개 입니다.
2024-05-08T13:49:33+09 [Information] - 해당 Service Tag로 Azure에서 지정된 IP 개수는 [4]개 입니다.
2024-05-08T13:49:33+09 [Information] - 방화벽에 등록된 IP 개수와 Azure에서 지정된 IP 개수가 일치합니다.
2024-05-08T13:49:33+09 [Information] - 기존 Service Tag의 ChangeNum과 새로 업데이트된 Azure Service Tag의 ChangeNum을 비교합니다.
2024-05-08T13:49:33+09 [Information] - 기존 Service Tag의 ChangeNum = [4].
2024-05-08T13:49:33+09 [Information] - 업데이트된 Azure Service Tag의 ChangeNum = [4].
2024-05-08T13:49:33+09 [Information] - ChangeNum이 동일하므로 업데이트할 내역이 없습니다.
2024-05-08T13:49:33+09 [Information] - ------------------------------------------------------------------
2024-05-08T13:49:33+09 [Information] - 방화벽에 Service Tag [AzureContainerRegistry.KoreaSouth]에 대한 동기화 작업을 시작합니다.
2024-05-08T13:49:33+09 [Information] - 해당 Service Tag로 방화벽에 등록된 IP 개수는 [5]개 입니다.
2024-05-08T13:49:33+09 [Information] - 해당 Service Tag로 Azure에서 지정된 IP 개수는 [5]개 입니다.
2024-05-08T13:49:33+09 [Information] - 방화벽에 등록된 IP 개수와 Azure에서 지정된 IP 개수가 일치합니다.
2024-05-08T13:49:33+09 [Information] - 기존 Service Tag의 ChangeNum과 새로 업데이트된 Azure Service Tag의 ChangeNum을 비교합니다.
2024-05-08T13:49:33+09 [Information] - 기존 Service Tag의 ChangeNum = [8].
2024-05-08T13:49:33+09 [Information] - 업데이트된 Azure Service Tag의 ChangeNum = [8].
2024-05-08T13:49:33+09 [Information] - ChangeNum이 동일하므로 업데이트할 내역이 없습니다.
2024-05-08T13:49:33+09 [Information] - ------------------------------------------------------------------
2024-05-08T13:49:33+09 [Information] - 방화벽에 Service Tag [MicrosoftContainerRegistry.EastUS]에 대한 동기화 작업을 시작합니다.
2024-05-08T13:49:33+09 [Information] - 해당 Service Tag로 방화벽에 등록된 IP 개수는 [3]개 입니다.
2024-05-08T13:49:33+09 [Information] - 해당 Service Tag로 Azure에서 지정된 IP 개수는 [3]개 입니다.
2024-05-08T13:49:33+09 [Information] - 방화벽에 등록된 IP 개수와 Azure에서 지정된 IP 개수가 일치합니다.
2024-05-08T13:49:33+09 [Information] - 기존 Service Tag의 ChangeNum과 새로 업데이트된 Azure Service Tag의 ChangeNum을 비교합니다.
2024-05-08T13:49:33+09 [Information] - 기존 Service Tag의 ChangeNum = [2].
2024-05-08T13:49:33+09 [Information] - 업데이트된 Azure Service Tag의 ChangeNum = [2].
2024-05-08T13:49:33+09 [Information] - ChangeNum이 동일하므로 업데이트할 내역이 없습니다.
2024-05-08T13:49:33+09 [Information] - Service Tag의 ChangeNum을 [ServiceTag_changeNum.json]에 저장합니다. 
2024-05-08T13:49:33+09 [Information] - Service Tag [Storage.KoreaCentral]의 마지막 ChangeNum은 [10]입니다. 파일에 기록합니다.
2024-05-08T13:49:33+09 [Information] - Service Tag [HDInsight.KoreaCentral]의 마지막 ChangeNum은 [4]입니다. 파일에 기록합니다.
2024-05-08T13:49:33+09 [Information] - Service Tag [AzureContainerRegistry.KoreaSouth]의 마지막 ChangeNum은 [8]입니다. 파일에 기록합니다.
2024-05-08T13:49:33+09 [Information] - Service Tag [MicrosoftContainerRegistry.EastUS]의 마지막 ChangeNum은 [2]입니다. 파일에 기록합니다.
2024-05-08T13:49:33+09 [Information] - Service Tag의 ChangeNum 업데이트 작업이 끝났습니다.
2024-05-08T13:49:33+09 [Information] - Service Tag의 Sync 작업이 종료되었습니다.
2024-05-08T13:49:33+09 [Information] - ------------------------------------------------------------------
2024-05-08T13:53:27+09 [Information] - 해당 날짜의 Service Tag JSON파일 [ServiceTags_Public_20240506.json]이 이미 존재합니다. 다운로드하지 않습니다.
2024-05-08T13:53:27+09 [Information] - Making Storage.KoreaCentral IPs to txt file.
2024-05-08T13:53:27+09 [Information] - Making HDInsight.KoreaCentral IPs to txt file.
2024-05-08T13:53:27+09 [Information] - Making AzureContainerRegistry.KoreaSouth IPs to txt file.
2024-05-08T13:53:27+09 [Information] - Making MicrosoftContainerRegistry.EastUS IPs to txt file.
2024-05-08T13:53:28+09 [Information] - 방화벽에 태그 [AzureContainerRegistry.EastUS] 가 등록되어 있습니다.
2024-05-08T13:53:28+09 [Information] - 방화벽에 태그 [AzureContainerRegistry.EastUS] 가 등록되어 있습니다.
2024-05-08T13:53:28+09 [Information] - 방화벽에 태그 [AzureContainerRegistry.EastUS] 가 등록되어 있습니다.
2024-05-08T13:53:28+09 [Information] - 방화벽에 태그 [AzureContainerRegistry.EastUS] 가 등록되어 있습니다.
2024-05-08T13:53:28+09 [Information] - 방화벽에 Service Tag [Storage.KoreaCentral]에 대한 동기화 작업을 시작합니다.
2024-05-08T13:53:28+09 [Information] - 해당 Service Tag로 방화벽에 등록된 IP 개수는 [16]개 입니다.
2024-05-08T13:53:28+09 [Information] - 해당 Service Tag로 Azure에서 지정된 IP 개수는 [16]개 입니다.
2024-05-08T13:53:28+09 [Information] - 방화벽에 등록된 IP 개수와 Azure에서 지정된 IP 개수가 일치합니다.
2024-05-08T13:53:28+09 [Information] - 기존 Service Tag의 ChangeNum과 새로 업데이트된 Azure Service Tag의 ChangeNum을 비교합니다.
2024-05-08T13:53:28+09 [Information] - 기존 Service Tag의 ChangeNum = [10].
2024-05-08T13:53:28+09 [Information] - 업데이트된 Azure Service Tag의 ChangeNum = [10].
2024-05-08T13:53:28+09 [Information] - ChangeNum이 동일하므로 업데이트할 내역이 없습니다.
2024-05-08T13:53:28+09 [Information] - ------------------------------------------------------------------
2024-05-08T13:53:28+09 [Information] - 방화벽에 Service Tag [HDInsight.KoreaCentral]에 대한 동기화 작업을 시작합니다.
2024-05-08T13:53:28+09 [Information] - 해당 Service Tag로 방화벽에 등록된 IP 개수는 [4]개 입니다.
2024-05-08T13:53:28+09 [Information] - 해당 Service Tag로 Azure에서 지정된 IP 개수는 [4]개 입니다.
2024-05-08T13:53:28+09 [Information] - 방화벽에 등록된 IP 개수와 Azure에서 지정된 IP 개수가 일치합니다.
2024-05-08T13:53:28+09 [Information] - 기존 Service Tag의 ChangeNum과 새로 업데이트된 Azure Service Tag의 ChangeNum을 비교합니다.
2024-05-08T13:53:28+09 [Information] - 기존 Service Tag의 ChangeNum = [4].
2024-05-08T13:53:28+09 [Information] - 업데이트된 Azure Service Tag의 ChangeNum = [4].
2024-05-08T13:53:28+09 [Information] - ChangeNum이 동일하므로 업데이트할 내역이 없습니다.
2024-05-08T13:53:28+09 [Information] - ------------------------------------------------------------------
2024-05-08T13:53:28+09 [Information] - 방화벽에 Service Tag [AzureContainerRegistry.KoreaSouth]에 대한 동기화 작업을 시작합니다.
2024-05-08T13:53:28+09 [Information] - 해당 Service Tag로 방화벽에 등록된 IP 개수는 [5]개 입니다.
2024-05-08T13:53:28+09 [Information] - 해당 Service Tag로 Azure에서 지정된 IP 개수는 [5]개 입니다.
2024-05-08T13:53:28+09 [Information] - 방화벽에 등록된 IP 개수와 Azure에서 지정된 IP 개수가 일치합니다.
2024-05-08T13:53:28+09 [Information] - 기존 Service Tag의 ChangeNum과 새로 업데이트된 Azure Service Tag의 ChangeNum을 비교합니다.
2024-05-08T13:53:28+09 [Information] - 기존 Service Tag의 ChangeNum = [8].
2024-05-08T13:53:28+09 [Information] - 업데이트된 Azure Service Tag의 ChangeNum = [8].
2024-05-08T13:53:28+09 [Information] - ChangeNum이 동일하므로 업데이트할 내역이 없습니다.
2024-05-08T13:53:28+09 [Information] - ------------------------------------------------------------------
2024-05-08T13:53:28+09 [Information] - 방화벽에 Service Tag [MicrosoftContainerRegistry.EastUS]에 대한 동기화 작업을 시작합니다.
2024-05-08T13:53:28+09 [Information] - 해당 Service Tag로 방화벽에 등록된 IP 개수는 [3]개 입니다.
2024-05-08T13:53:28+09 [Information] - 해당 Service Tag로 Azure에서 지정된 IP 개수는 [3]개 입니다.
2024-05-08T13:53:28+09 [Information] - 방화벽에 등록된 IP 개수와 Azure에서 지정된 IP 개수가 일치합니다.
2024-05-08T13:53:28+09 [Information] - 기존 Service Tag의 ChangeNum과 새로 업데이트된 Azure Service Tag의 ChangeNum을 비교합니다.
2024-05-08T13:53:28+09 [Information] - 기존 Service Tag의 ChangeNum = [2].
2024-05-08T13:53:28+09 [Information] - 업데이트된 Azure Service Tag의 ChangeNum = [2].
2024-05-08T13:53:28+09 [Information] - ChangeNum이 동일하므로 업데이트할 내역이 없습니다.
2024-05-08T13:53:28+09 [Information] - ------------------------------------------------------------------
2024-05-08T13:53:28+09 [Information] - Service Tag의 ChangeNum을 [ServiceTag_changeNum.json]에 저장합니다. 
2024-05-08T13:53:28+09 [Information] - Service Tag [Storage.KoreaCentral]의 마지막 ChangeNum은 [10]입니다. 파일에 기록합니다.
2024-05-08T13:53:29+09 [Information] - Service Tag [HDInsight.KoreaCentral]의 마지막 ChangeNum은 [4]입니다. 파일에 기록합니다.
2024-05-08T13:53:29+09 [Information] - Service Tag [AzureContainerRegistry.KoreaSouth]의 마지막 ChangeNum은 [8]입니다. 파일에 기록합니다.
2024-05-08T13:53:29+09 [Information] - Service Tag [MicrosoftContainerRegistry.EastUS]의 마지막 ChangeNum은 [2]입니다. 파일에 기록합니다.
2024-05-08T13:53:29+09 [Information] - Service Tag의 ChangeNum 업데이트 작업이 끝났습니다.
2024-05-08T13:53:29+09 [Information] - Service Tag의 Sync 작업이 종료되었습니다.
2024-05-08T13:53:29+09 [Information] - ------------------------------------------------------------------
2024-05-08T13:55:46+09 [Information] - 해당 날짜의 Service Tag JSON파일 [ServiceTags_Public_20240506.json]이 이미 존재합니다. 다운로드하지 않습니다.
2024-05-08T13:55:46+09 [Information] - Making Storage.KoreaCentral IPs to txt file.
2024-05-08T13:55:47+09 [Information] - Making HDInsight.KoreaCentral IPs to txt file.
2024-05-08T13:55:47+09 [Information] - Making AzureContainerRegistry.KoreaSouth IPs to txt file.
2024-05-08T13:55:47+09 [Information] - Making MicrosoftContainerRegistry.EastUS IPs to txt file.
2024-05-08T13:55:47+09 [Information] - 방화벽에 태그 [Storage.KoreaCentral] 가 등록되어 있습니다.
2024-05-08T13:55:47+09 [Information] - 방화벽에 태그 [HDInsight.KoreaCentral] 가 등록되어 있습니다.
2024-05-08T13:55:47+09 [Information] - 방화벽에 태그 [AzureContainerRegistry.KoreaSouth] 가 등록되어 있습니다.
2024-05-08T13:55:47+09 [Information] - 방화벽에 태그 [MicrosoftContainerRegistry.EastUS] 가 등록되어 있습니다.
2024-05-08T13:55:47+09 [Information] - 방화벽에 Service Tag [Storage.KoreaCentral]에 대한 동기화 작업을 시작합니다.
2024-05-08T13:55:47+09 [Information] - 해당 Service Tag로 방화벽에 등록된 IP 개수는 [16]개 입니다.
2024-05-08T13:55:47+09 [Information] - 해당 Service Tag로 Azure에서 지정된 IP 개수는 [16]개 입니다.
2024-05-08T13:55:47+09 [Information] - 방화벽에 등록된 IP 개수와 Azure에서 지정된 IP 개수가 일치합니다.
2024-05-08T13:55:47+09 [Information] - 기존 Service Tag의 ChangeNum과 새로 업데이트된 Azure Service Tag의 ChangeNum을 비교합니다.
2024-05-08T13:55:48+09 [Information] - 기존 Service Tag의 ChangeNum = [10].
2024-05-08T13:55:48+09 [Information] - 업데이트된 Azure Service Tag의 ChangeNum = [10].
2024-05-08T13:55:48+09 [Information] - ChangeNum이 동일하므로 업데이트할 내역이 없습니다.
2024-05-08T13:55:48+09 [Information] - ------------------------------------------------------------------
2024-05-08T13:55:48+09 [Information] - 방화벽에 Service Tag [HDInsight.KoreaCentral]에 대한 동기화 작업을 시작합니다.
2024-05-08T13:55:48+09 [Information] - 해당 Service Tag로 방화벽에 등록된 IP 개수는 [4]개 입니다.
2024-05-08T13:55:48+09 [Information] - 해당 Service Tag로 Azure에서 지정된 IP 개수는 [4]개 입니다.
2024-05-08T13:55:48+09 [Information] - 방화벽에 등록된 IP 개수와 Azure에서 지정된 IP 개수가 일치합니다.
2024-05-08T13:55:48+09 [Information] - 기존 Service Tag의 ChangeNum과 새로 업데이트된 Azure Service Tag의 ChangeNum을 비교합니다.
2024-05-08T13:55:48+09 [Information] - 기존 Service Tag의 ChangeNum = [4].
2024-05-08T13:55:48+09 [Information] - 업데이트된 Azure Service Tag의 ChangeNum = [4].
2024-05-08T13:55:48+09 [Information] - ChangeNum이 동일하므로 업데이트할 내역이 없습니다.
2024-05-08T13:55:48+09 [Information] - ------------------------------------------------------------------
2024-05-08T13:55:48+09 [Information] - 방화벽에 Service Tag [AzureContainerRegistry.KoreaSouth]에 대한 동기화 작업을 시작합니다.
2024-05-08T13:55:48+09 [Information] - 해당 Service Tag로 방화벽에 등록된 IP 개수는 [5]개 입니다.
2024-05-08T13:55:48+09 [Information] - 해당 Service Tag로 Azure에서 지정된 IP 개수는 [5]개 입니다.
2024-05-08T13:55:48+09 [Information] - 방화벽에 등록된 IP 개수와 Azure에서 지정된 IP 개수가 일치합니다.
2024-05-08T13:55:48+09 [Information] - 기존 Service Tag의 ChangeNum과 새로 업데이트된 Azure Service Tag의 ChangeNum을 비교합니다.
2024-05-08T13:55:48+09 [Information] - 기존 Service Tag의 ChangeNum = [8].
2024-05-08T13:55:48+09 [Information] - 업데이트된 Azure Service Tag의 ChangeNum = [8].
2024-05-08T13:55:48+09 [Information] - ChangeNum이 동일하므로 업데이트할 내역이 없습니다.
2024-05-08T13:55:48+09 [Information] - ------------------------------------------------------------------
2024-05-08T13:55:48+09 [Information] - 방화벽에 Service Tag [MicrosoftContainerRegistry.EastUS]에 대한 동기화 작업을 시작합니다.
2024-05-08T13:55:48+09 [Information] - 해당 Service Tag로 방화벽에 등록된 IP 개수는 [3]개 입니다.
2024-05-08T13:55:48+09 [Information] - 해당 Service Tag로 Azure에서 지정된 IP 개수는 [3]개 입니다.
2024-05-08T13:55:48+09 [Information] - 방화벽에 등록된 IP 개수와 Azure에서 지정된 IP 개수가 일치합니다.
2024-05-08T13:55:48+09 [Information] - 기존 Service Tag의 ChangeNum과 새로 업데이트된 Azure Service Tag의 ChangeNum을 비교합니다.
2024-05-08T13:55:48+09 [Information] - 기존 Service Tag의 ChangeNum = [2].
2024-05-08T13:55:48+09 [Information] - 업데이트된 Azure Service Tag의 ChangeNum = [2].
2024-05-08T13:55:48+09 [Information] - ChangeNum이 동일하므로 업데이트할 내역이 없습니다.
2024-05-08T13:55:48+09 [Information] - ------------------------------------------------------------------
2024-05-08T13:55:48+09 [Information] - Service Tag의 ChangeNum을 [ServiceTag_changeNum.json]에 저장합니다. 
2024-05-08T13:55:48+09 [Information] - Service Tag [Storage.KoreaCentral]의 마지막 ChangeNum은 [10]입니다. 파일에 기록합니다.
2024-05-08T13:55:48+09 [Information] - Service Tag [HDInsight.KoreaCentral]의 마지막 ChangeNum은 [4]입니다. 파일에 기록합니다.
2024-05-08T13:55:48+09 [Information] - Service Tag [AzureContainerRegistry.KoreaSouth]의 마지막 ChangeNum은 [8]입니다. 파일에 기록합니다.
2024-05-08T13:55:48+09 [Information] - Service Tag [MicrosoftContainerRegistry.EastUS]의 마지막 ChangeNum은 [2]입니다. 파일에 기록합니다.
2024-05-08T13:55:48+09 [Information] - Service Tag의 ChangeNum 업데이트 작업이 끝났습니다.
2024-05-08T13:55:48+09 [Information] - Service Tag의 Sync 작업이 종료되었습니다.
2024-05-08T13:55:48+09 [Information] - ------------------------------------------------------------------
2024-05-08T14:00:35+09 [Information] - ------------------------------------------------------------------
2024-05-08T14:00:35+09 [Information] - ------------------------------------------------------------------
2024-05-08T14:00:35+09 [Information] - ------------------------------------------------------------------
2024-05-08T14:00:35+09 [Information] - ------------------------------------------------------------------
2024-05-08T14:00:36+09 [Information] - 해당 날짜의 Service Tag JSON파일 [ServiceTags_Public_20240506.json]이 이미 존재합니다. 다운로드하지 않습니다.
2024-05-08T14:00:36+09 [Information] - Storage.KoreaCentral IPs를 텍스트 파일에 저장합니다.
2024-05-08T14:00:36+09 [Information] - HDInsight.KoreaCentral IPs를 텍스트 파일에 저장합니다.
2024-05-08T14:00:37+09 [Information] - AzureContainerRegistry.KoreaSouth IPs를 텍스트 파일에 저장합니다.
2024-05-08T14:00:37+09 [Information] - MicrosoftContainerRegistry.EastUS IPs를 텍스트 파일에 저장합니다.
2024-05-08T14:00:37+09 [Information] - 방화벽에 태그 [Storage.KoreaCentral] 가 등록되어 있습니다.
2024-05-08T14:00:37+09 [Information] - 방화벽에 태그 [HDInsight.KoreaCentral] 가 등록되어 있습니다.
2024-05-08T14:00:37+09 [Information] - 방화벽에 태그 [AzureContainerRegistry.KoreaSouth] 가 등록되어 있습니다.
2024-05-08T14:00:37+09 [Information] - 방화벽에 태그 [MicrosoftContainerRegistry.EastUS] 가 등록되어 있습니다.
2024-05-08T14:00:37+09 [Information] - 방화벽에 Service Tag [Storage.KoreaCentral]에 대한 동기화 작업을 시작합니다.
2024-05-08T14:00:37+09 [Information] - 해당 Service Tag로 방화벽에 등록된 IP 개수는 [16]개 입니다.
2024-05-08T14:00:37+09 [Information] - 해당 Service Tag로 Azure에서 지정된 IP 개수는 [16]개 입니다.
2024-05-08T14:00:37+09 [Information] - 방화벽에 등록된 IP 개수와 Azure에서 지정된 IP 개수가 일치합니다.
2024-05-08T14:00:37+09 [Information] - 기존 Service Tag의 ChangeNum과 새로 업데이트된 Azure Service Tag의 ChangeNum을 비교합니다.
2024-05-08T14:00:38+09 [Information] - 기존 Service Tag의 ChangeNum = [10].
2024-05-08T14:00:38+09 [Information] - 업데이트된 Azure Service Tag의 ChangeNum = [10].
2024-05-08T14:00:38+09 [Information] - ChangeNum이 동일하므로 업데이트할 내역이 없습니다.
2024-05-08T14:00:38+09 [Information] - ------------------------------------------------------------------
2024-05-08T14:00:38+09 [Information] - 방화벽에 Service Tag [HDInsight.KoreaCentral]에 대한 동기화 작업을 시작합니다.
2024-05-08T14:00:38+09 [Information] - 해당 Service Tag로 방화벽에 등록된 IP 개수는 [4]개 입니다.
2024-05-08T14:00:38+09 [Information] - 해당 Service Tag로 Azure에서 지정된 IP 개수는 [4]개 입니다.
2024-05-08T14:00:38+09 [Information] - 방화벽에 등록된 IP 개수와 Azure에서 지정된 IP 개수가 일치합니다.
2024-05-08T14:00:38+09 [Information] - 기존 Service Tag의 ChangeNum과 새로 업데이트된 Azure Service Tag의 ChangeNum을 비교합니다.
2024-05-08T14:00:38+09 [Information] - 기존 Service Tag의 ChangeNum = [4].
2024-05-08T14:00:38+09 [Information] - 업데이트된 Azure Service Tag의 ChangeNum = [4].
2024-05-08T14:00:38+09 [Information] - ChangeNum이 동일하므로 업데이트할 내역이 없습니다.
2024-05-08T14:00:38+09 [Information] - ------------------------------------------------------------------
2024-05-08T14:00:38+09 [Information] - 방화벽에 Service Tag [AzureContainerRegistry.KoreaSouth]에 대한 동기화 작업을 시작합니다.
2024-05-08T14:00:38+09 [Information] - 해당 Service Tag로 방화벽에 등록된 IP 개수는 [5]개 입니다.
2024-05-08T14:00:38+09 [Information] - 해당 Service Tag로 Azure에서 지정된 IP 개수는 [5]개 입니다.
2024-05-08T14:00:38+09 [Information] - 방화벽에 등록된 IP 개수와 Azure에서 지정된 IP 개수가 일치합니다.
2024-05-08T14:00:38+09 [Information] - 기존 Service Tag의 ChangeNum과 새로 업데이트된 Azure Service Tag의 ChangeNum을 비교합니다.
2024-05-08T14:00:38+09 [Information] - 기존 Service Tag의 ChangeNum = [8].
2024-05-08T14:00:38+09 [Information] - 업데이트된 Azure Service Tag의 ChangeNum = [8].
2024-05-08T14:00:38+09 [Information] - ChangeNum이 동일하므로 업데이트할 내역이 없습니다.
2024-05-08T14:00:38+09 [Information] - ------------------------------------------------------------------
2024-05-08T14:00:38+09 [Information] - 방화벽에 Service Tag [MicrosoftContainerRegistry.EastUS]에 대한 동기화 작업을 시작합니다.
2024-05-08T14:00:38+09 [Information] - 해당 Service Tag로 방화벽에 등록된 IP 개수는 [3]개 입니다.
2024-05-08T14:00:38+09 [Information] - 해당 Service Tag로 Azure에서 지정된 IP 개수는 [3]개 입니다.
2024-05-08T14:00:38+09 [Information] - 방화벽에 등록된 IP 개수와 Azure에서 지정된 IP 개수가 일치합니다.
2024-05-08T14:00:38+09 [Information] - 기존 Service Tag의 ChangeNum과 새로 업데이트된 Azure Service Tag의 ChangeNum을 비교합니다.
2024-05-08T14:00:38+09 [Information] - 기존 Service Tag의 ChangeNum = [2].
2024-05-08T14:00:38+09 [Information] - 업데이트된 Azure Service Tag의 ChangeNum = [2].
2024-05-08T14:00:38+09 [Information] - ChangeNum이 동일하므로 업데이트할 내역이 없습니다.
2024-05-08T14:00:38+09 [Information] - ------------------------------------------------------------------
2024-05-08T14:00:38+09 [Information] - Service Tag의 ChangeNum을 [ServiceTag_changeNum.json]에 저장합니다. 
2024-05-08T14:00:38+09 [Information] - Service Tag [Storage.KoreaCentral]의 마지막 ChangeNum은 [10]입니다. 파일에 기록합니다.
2024-05-08T14:00:38+09 [Information] - Service Tag [HDInsight.KoreaCentral]의 마지막 ChangeNum은 [4]입니다. 파일에 기록합니다.
2024-05-08T14:00:38+09 [Information] - Service Tag [AzureContainerRegistry.KoreaSouth]의 마지막 ChangeNum은 [8]입니다. 파일에 기록합니다.
2024-05-08T14:00:38+09 [Information] - Service Tag [MicrosoftContainerRegistry.EastUS]의 마지막 ChangeNum은 [2]입니다. 파일에 기록합니다.
2024-05-08T14:00:38+09 [Information] - Service Tag의 ChangeNum 업데이트 작업이 끝났습니다.
2024-05-08T14:00:38+09 [Information] - Service Tag의 Sync 작업이 종료되었습니다.
2024-05-08T14:00:38+09 [Information] - ------------------------------------------------------------------
2024-05-08T14:01:07+09 [Information] - ------------------------------------------------------------------
2024-05-08T14:01:07+09 [Information] - ------------------------------------------------------------------
2024-05-08T14:01:07+09 [Information] - --------------New Sync Job Started......--------------------------
2024-05-08T14:01:07+09 [Information] - ------------------------------------------------------------------
2024-05-08T14:01:07+09 [Information] - ------------------------------------------------------------------
2024-05-08T14:01:08+09 [Information] - 해당 날짜의 Service Tag JSON파일 [ServiceTags_Public_20240506.json]이 이미 존재합니다. 다운로드하지 않습니다.
2024-05-08T14:01:08+09 [Information] - Storage.KoreaCentral IPs를 텍스트 파일에 저장합니다.
2024-05-08T14:01:08+09 [Information] - HDInsight.KoreaCentral IPs를 텍스트 파일에 저장합니다.
2024-05-08T14:01:08+09 [Information] - AzureContainerRegistry.KoreaSouth IPs를 텍스트 파일에 저장합니다.
2024-05-08T14:01:08+09 [Information] - MicrosoftContainerRegistry.EastUS IPs를 텍스트 파일에 저장합니다.
2024-05-08T14:01:09+09 [Information] - 방화벽에 태그 [Storage.KoreaCentral] 가 등록되어 있습니다.
2024-05-08T14:01:09+09 [Information] - 방화벽에 태그 [HDInsight.KoreaCentral] 가 등록되어 있습니다.
2024-05-08T14:01:09+09 [Information] - 방화벽에 태그 [AzureContainerRegistry.KoreaSouth] 가 등록되어 있습니다.
2024-05-08T14:01:09+09 [Information] - 방화벽에 태그 [MicrosoftContainerRegistry.EastUS] 가 등록되어 있습니다.
2024-05-08T14:01:09+09 [Information] - 방화벽에 Service Tag [Storage.KoreaCentral]에 대한 동기화 작업을 시작합니다.
2024-05-08T14:01:09+09 [Information] - 해당 Service Tag로 방화벽에 등록된 IP 개수는 [16]개 입니다.
2024-05-08T14:01:09+09 [Information] - 해당 Service Tag로 Azure에서 지정된 IP 개수는 [16]개 입니다.
2024-05-08T14:01:09+09 [Information] - 방화벽에 등록된 IP 개수와 Azure에서 지정된 IP 개수가 일치합니다.
2024-05-08T14:01:09+09 [Information] - 기존 Service Tag의 ChangeNum과 새로 업데이트된 Azure Service Tag의 ChangeNum을 비교합니다.
2024-05-08T14:01:09+09 [Information] - 기존 Service Tag의 ChangeNum = [10].
2024-05-08T14:01:09+09 [Information] - 업데이트된 Azure Service Tag의 ChangeNum = [10].
2024-05-08T14:01:09+09 [Information] - ChangeNum이 동일하므로 업데이트할 내역이 없습니다.
2024-05-08T14:01:09+09 [Information] - ------------------------------------------------------------------
2024-05-08T14:01:09+09 [Information] - 방화벽에 Service Tag [HDInsight.KoreaCentral]에 대한 동기화 작업을 시작합니다.
2024-05-08T14:01:09+09 [Information] - 해당 Service Tag로 방화벽에 등록된 IP 개수는 [4]개 입니다.
2024-05-08T14:01:09+09 [Information] - 해당 Service Tag로 Azure에서 지정된 IP 개수는 [4]개 입니다.
2024-05-08T14:01:09+09 [Information] - 방화벽에 등록된 IP 개수와 Azure에서 지정된 IP 개수가 일치합니다.
2024-05-08T14:01:09+09 [Information] - 기존 Service Tag의 ChangeNum과 새로 업데이트된 Azure Service Tag의 ChangeNum을 비교합니다.
2024-05-08T14:01:09+09 [Information] - 기존 Service Tag의 ChangeNum = [4].
2024-05-08T14:01:09+09 [Information] - 업데이트된 Azure Service Tag의 ChangeNum = [4].
2024-05-08T14:01:09+09 [Information] - ChangeNum이 동일하므로 업데이트할 내역이 없습니다.
2024-05-08T14:01:09+09 [Information] - ------------------------------------------------------------------
2024-05-08T14:01:09+09 [Information] - 방화벽에 Service Tag [AzureContainerRegistry.KoreaSouth]에 대한 동기화 작업을 시작합니다.
2024-05-08T14:01:09+09 [Information] - 해당 Service Tag로 방화벽에 등록된 IP 개수는 [5]개 입니다.
2024-05-08T14:01:09+09 [Information] - 해당 Service Tag로 Azure에서 지정된 IP 개수는 [5]개 입니다.
2024-05-08T14:01:09+09 [Information] - 방화벽에 등록된 IP 개수와 Azure에서 지정된 IP 개수가 일치합니다.
2024-05-08T14:01:09+09 [Information] - 기존 Service Tag의 ChangeNum과 새로 업데이트된 Azure Service Tag의 ChangeNum을 비교합니다.
2024-05-08T14:01:09+09 [Information] - 기존 Service Tag의 ChangeNum = [8].
2024-05-08T14:01:09+09 [Information] - 업데이트된 Azure Service Tag의 ChangeNum = [8].
2024-05-08T14:01:09+09 [Information] - ChangeNum이 동일하므로 업데이트할 내역이 없습니다.
2024-05-08T14:01:09+09 [Information] - ------------------------------------------------------------------
2024-05-08T14:01:09+09 [Information] - 방화벽에 Service Tag [MicrosoftContainerRegistry.EastUS]에 대한 동기화 작업을 시작합니다.
2024-05-08T14:01:09+09 [Information] - 해당 Service Tag로 방화벽에 등록된 IP 개수는 [3]개 입니다.
2024-05-08T14:01:09+09 [Information] - 해당 Service Tag로 Azure에서 지정된 IP 개수는 [3]개 입니다.
2024-05-08T14:01:09+09 [Information] - 방화벽에 등록된 IP 개수와 Azure에서 지정된 IP 개수가 일치합니다.
2024-05-08T14:01:09+09 [Information] - 기존 Service Tag의 ChangeNum과 새로 업데이트된 Azure Service Tag의 ChangeNum을 비교합니다.
2024-05-08T14:01:10+09 [Information] - 기존 Service Tag의 ChangeNum = [2].
2024-05-08T14:01:10+09 [Information] - 업데이트된 Azure Service Tag의 ChangeNum = [2].
2024-05-08T14:01:10+09 [Information] - ChangeNum이 동일하므로 업데이트할 내역이 없습니다.
2024-05-08T14:01:10+09 [Information] - ------------------------------------------------------------------
2024-05-08T14:01:10+09 [Information] - Service Tag의 ChangeNum을 [ServiceTag_changeNum.json]에 저장합니다. 
2024-05-08T14:01:10+09 [Information] - Service Tag [Storage.KoreaCentral]의 마지막 ChangeNum은 [10]입니다. 파일에 기록합니다.
2024-05-08T14:01:10+09 [Information] - Service Tag [HDInsight.KoreaCentral]의 마지막 ChangeNum은 [4]입니다. 파일에 기록합니다.
2024-05-08T14:01:10+09 [Information] - Service Tag [AzureContainerRegistry.KoreaSouth]의 마지막 ChangeNum은 [8]입니다. 파일에 기록합니다.
2024-05-08T14:01:10+09 [Information] - Service Tag [MicrosoftContainerRegistry.EastUS]의 마지막 ChangeNum은 [2]입니다. 파일에 기록합니다.
2024-05-08T14:01:10+09 [Information] - Service Tag의 ChangeNum 업데이트 작업이 끝났습니다.
2024-05-08T14:01:10+09 [Information] - Service Tag의 Sync 작업이 종료되었습니다.
2024-05-08T14:01:10+09 [Information] - ------------------------------------------------------------------
2024-05-08T16:46:33+09 [Information] - ------------------------------------------------------------------
2024-05-08T16:46:33+09 [Information] - ------------------------------------------------------------------
2024-05-08T16:46:33+09 [Information] - 　　　　　　　　　New Sync Job Started......　　　　　　　　　　　　　　　
2024-05-08T16:46:33+09 [Information] - ------------------------------------------------------------------
2024-05-08T16:46:33+09 [Information] - ------------------------------------------------------------------
2024-05-08T16:46:34+09 [Information] - 해당 날짜의 Service Tag JSON파일 [ServiceTags_Public_20240506.json]이 이미 존재합니다. 다운로드하지 않습니다.
2024-05-08T16:46:34+09 [Information] - Storage.KoreaCentral IPs를 텍스트 파일에 저장합니다.
2024-05-08T16:46:34+09 [Information] - HDInsight.KoreaCentral IPs를 텍스트 파일에 저장합니다.
2024-05-08T16:46:34+09 [Information] - AzureContainerRegistry.KoreaSouth IPs를 텍스트 파일에 저장합니다.
2024-05-08T16:46:34+09 [Information] - MicrosoftContainerRegistry.EastUS IPs를 텍스트 파일에 저장합니다.
2024-05-08T16:46:35+09 [Information] - 방화벽에 태그 [Storage.KoreaCentral] 가 등록되어 있습니다.
2024-05-08T16:46:35+09 [Information] - 방화벽에 태그 [HDInsight.KoreaCentral] 가 등록되어 있습니다.
2024-05-08T16:46:35+09 [Information] - 방화벽에 태그 [AzureContainerRegistry.KoreaSouth] 가 등록되어 있습니다.
2024-05-08T16:46:35+09 [Information] - 방화벽에 태그 [MicrosoftContainerRegistry.EastUS] 가 등록되어 있습니다.
2024-05-08T16:46:35+09 [Information] - 방화벽에 Service Tag [Storage.KoreaCentral]에 대한 동기화 작업을 시작합니다.
2024-05-08T16:46:35+09 [Information] - 해당 Service Tag로 방화벽에 등록된 IP 개수는 [16]개 입니다.
2024-05-08T16:46:35+09 [Information] - 해당 Service Tag로 Azure에서 지정된 IP 개수는 [16]개 입니다.
2024-05-08T16:46:35+09 [Information] - 방화벽에 등록된 IP 개수와 Azure에서 지정된 IP 개수가 일치합니다.
2024-05-08T16:46:35+09 [Information] - 기존 Service Tag의 ChangeNum과 새로 업데이트된 Azure Service Tag의 ChangeNum을 비교합니다.
2024-05-08T16:46:35+09 [Information] - 기존 Service Tag의 ChangeNum = [10].
2024-05-08T16:46:35+09 [Information] - 업데이트된 Azure Service Tag의 ChangeNum = [10].
2024-05-08T16:46:35+09 [Information] - ChangeNum이 동일하므로 업데이트할 내역이 없습니다.
2024-05-08T16:46:35+09 [Information] - ------------------------------------------------------------------
2024-05-08T16:46:35+09 [Information] - 방화벽에 Service Tag [HDInsight.KoreaCentral]에 대한 동기화 작업을 시작합니다.
2024-05-08T16:46:35+09 [Information] - 해당 Service Tag로 방화벽에 등록된 IP 개수는 [4]개 입니다.
2024-05-08T16:46:35+09 [Information] - 해당 Service Tag로 Azure에서 지정된 IP 개수는 [4]개 입니다.
2024-05-08T16:46:35+09 [Information] - 방화벽에 등록된 IP 개수와 Azure에서 지정된 IP 개수가 일치합니다.
2024-05-08T16:46:35+09 [Information] - 기존 Service Tag의 ChangeNum과 새로 업데이트된 Azure Service Tag의 ChangeNum을 비교합니다.
2024-05-08T16:46:36+09 [Information] - 기존 Service Tag의 ChangeNum = [4].
2024-05-08T16:46:36+09 [Information] - 업데이트된 Azure Service Tag의 ChangeNum = [4].
2024-05-08T16:46:36+09 [Information] - ChangeNum이 동일하므로 업데이트할 내역이 없습니다.
2024-05-08T16:46:36+09 [Information] - ------------------------------------------------------------------
2024-05-08T16:46:36+09 [Information] - 방화벽에 Service Tag [AzureContainerRegistry.KoreaSouth]에 대한 동기화 작업을 시작합니다.
2024-05-08T16:46:36+09 [Information] - 해당 Service Tag로 방화벽에 등록된 IP 개수는 [5]개 입니다.
2024-05-08T16:46:36+09 [Information] - 해당 Service Tag로 Azure에서 지정된 IP 개수는 [5]개 입니다.
2024-05-08T16:46:36+09 [Information] - 방화벽에 등록된 IP 개수와 Azure에서 지정된 IP 개수가 일치합니다.
2024-05-08T16:46:36+09 [Information] - 기존 Service Tag의 ChangeNum과 새로 업데이트된 Azure Service Tag의 ChangeNum을 비교합니다.
2024-05-08T16:46:36+09 [Information] - 기존 Service Tag의 ChangeNum = [8].
2024-05-08T16:46:36+09 [Information] - 업데이트된 Azure Service Tag의 ChangeNum = [8].
2024-05-08T16:46:36+09 [Information] - ChangeNum이 동일하므로 업데이트할 내역이 없습니다.
2024-05-08T16:46:36+09 [Information] - ------------------------------------------------------------------
2024-05-08T16:46:36+09 [Information] - 방화벽에 Service Tag [MicrosoftContainerRegistry.EastUS]에 대한 동기화 작업을 시작합니다.
2024-05-08T16:46:36+09 [Information] - 해당 Service Tag로 방화벽에 등록된 IP 개수는 [3]개 입니다.
2024-05-08T16:46:36+09 [Information] - 해당 Service Tag로 Azure에서 지정된 IP 개수는 [3]개 입니다.
2024-05-08T16:46:36+09 [Information] - 방화벽에 등록된 IP 개수와 Azure에서 지정된 IP 개수가 일치합니다.
2024-05-08T16:46:36+09 [Information] - 기존 Service Tag의 ChangeNum과 새로 업데이트된 Azure Service Tag의 ChangeNum을 비교합니다.
2024-05-08T16:46:36+09 [Information] - 기존 Service Tag의 ChangeNum = [2].
2024-05-08T16:46:36+09 [Information] - 업데이트된 Azure Service Tag의 ChangeNum = [2].
2024-05-08T16:46:36+09 [Information] - ChangeNum이 동일하므로 업데이트할 내역이 없습니다.
2024-05-08T16:46:36+09 [Information] - ------------------------------------------------------------------
2024-05-08T16:46:36+09 [Information] - Service Tag의 ChangeNum을 [ServiceTags_changeNum.json]에 저장합니다. 
2024-05-08T16:46:36+09 [Information] - Service Tag [Storage.KoreaCentral]의 마지막 ChangeNum은 [10]입니다. 파일에 기록합니다.
2024-05-08T16:46:36+09 [Information] - Service Tag [HDInsight.KoreaCentral]의 마지막 ChangeNum은 [4]입니다. 파일에 기록합니다.
2024-05-08T16:46:36+09 [Information] - Service Tag [AzureContainerRegistry.KoreaSouth]의 마지막 ChangeNum은 [8]입니다. 파일에 기록합니다.
2024-05-08T16:46:36+09 [Information] - Service Tag [MicrosoftContainerRegistry.EastUS]의 마지막 ChangeNum은 [2]입니다. 파일에 기록합니다.
2024-05-08T16:46:36+09 [Information] - Service Tag의 ChangeNum 업데이트 작업이 끝났습니다.
2024-05-08T16:46:36+09 [Information] - Service Tag의 Sync 작업이 종료되었습니다.
2024-05-08T16:46:36+09 [Information] - ------------------------------------------------------------------
2024-05-08T16:46:36+09 [Information] - 3달 이상 지난 Service Tag 파일과 폴더 삭제를 시작합니다. 
2024-05-08T16:46:36+09 [Information] - Github 저장와 동기화를 시작합니다.
